2025-09-03 13:18:01,160 [INFO] Starting Art avatars download
2025-09-03 13:18:02,306 [ERROR] Failed for project_id 255614484: all attempts exhausted.
2025-09-03 13:18:02,306 [ERROR] Failed for project_id 1709381731: all attempts exhausted.
2025-09-03 13:18:02,306 [ERROR] Failed for project_id 1354749735: all attempts exhausted.
2025-09-03 13:18:02,314 [ERROR] Failed for project_id 741500037: all attempts exhausted.
2025-09-03 13:18:02,342 [ERROR] Failed for project_id 1534250661: all attempts exhausted.
2025-09-03 13:18:02,381 [ERROR] Failed for project_id 657929888: all attempts exhausted.
2025-09-03 13:18:02,383 [ERROR] Failed for project_id 502964608: all attempts exhausted.
2025-09-03 13:18:02,405 [ERROR] Failed for project_id 1812704375: all attempts exhausted.
2025-09-03 13:18:02,420 [ERROR] Failed for project_id 851460497: all attempts exhausted.
2025-09-03 13:18:02,461 [ERROR] Failed for project_id 2054964587: all attempts exhausted.
2025-09-03 13:18:02,480 [ERROR] Failed for project_id 1070843783: all attempts exhausted.
2025-09-03 13:18:02,502 [ERROR] Failed for project_id 1654007601: all attempts exhausted.
2025-09-03 13:18:02,511 [ERROR] Failed for project_id 906087147: all attempts exhausted.
2025-09-03 13:18:02,533 [ERROR] Failed for project_id 435339831: all attempts exhausted.
2025-09-03 13:18:02,547 [ERROR] Failed for project_id 2118920037: all attempts exhausted.
2025-09-03 13:18:02,557 [ERROR] Failed for project_id 843137362: all attempts exhausted.
2025-09-03 13:18:02,562 [ERROR] Failed for project_id 1477006633: all attempts exhausted.
2025-09-03 13:18:02,634 [ERROR] Failed for project_id 1852038606: all attempts exhausted.
2025-09-03 13:18:02,642 [ERROR] Failed for project_id 1490317687: all attempts exhausted.
2025-09-03 13:18:02,655 [ERROR] Failed for project_id 851483000: all attempts exhausted.
2025-09-03 13:18:02,670 [ERROR] Failed for project_id 489814148: all attempts exhausted.
2025-09-03 13:18:02,730 [ERROR] Failed for project_id 1408149395: all attempts exhausted.
2025-09-03 13:18:02,735 [ERROR] Failed for project_id 1313526370: all attempts exhausted.
2025-09-03 13:18:02,774 [ERROR] Failed for project_id 515512576: all attempts exhausted.
2025-09-03 13:18:02,799 [ERROR] Failed for project_id 863647329: all attempts exhausted.
2025-09-03 13:18:02,837 [ERROR] Failed for project_id 1374631938: all attempts exhausted.
2025-09-03 13:18:02,840 [ERROR] Failed for project_id 91979576: all attempts exhausted.
2025-09-03 13:18:02,848 [ERROR] Failed for project_id 61882030: all attempts exhausted.
2025-09-03 13:18:02,890 [ERROR] Failed for project_id 864167353: all attempts exhausted.
2025-09-03 13:18:02,901 [ERROR] Failed for project_id 291207481: all attempts exhausted.
2025-09-03 13:18:02,911 [ERROR] Failed for project_id 25366809: all attempts exhausted.
2025-09-03 13:18:02,998 [ERROR] Failed for project_id 1636663891: all attempts exhausted.
2025-09-03 13:18:03,002 [ERROR] Failed for project_id 1492910976: all attempts exhausted.
2025-09-03 13:18:03,005 [ERROR] Failed for project_id 980020644: all attempts exhausted.
2025-09-03 13:18:03,024 [ERROR] Failed for project_id 879298176: all attempts exhausted.
2025-09-03 13:18:03,029 [ERROR] Failed for project_id 233436442: all attempts exhausted.
2025-09-03 13:18:03,057 [ERROR] Failed for project_id 526078417: all attempts exhausted.
2025-09-03 13:18:03,100 [ERROR] Failed for project_id 1418448125: all attempts exhausted.
2025-09-03 13:18:03,177 [ERROR] Failed for project_id 64926754: all attempts exhausted.
2025-09-03 13:18:03,177 [ERROR] Failed for project_id 22800595: all attempts exhausted.
2025-09-03 13:18:03,222 [ERROR] Failed for project_id 658386169: all attempts exhausted.
2025-09-03 13:18:03,236 [ERROR] Failed for project_id 2045363350: all attempts exhausted.
2025-09-03 13:18:03,254 [ERROR] Failed for project_id 1484531737: all attempts exhausted.
2025-09-03 13:18:03,328 [ERROR] Failed for project_id 119033878: all attempts exhausted.
2025-09-03 13:18:03,328 [ERROR] Failed for project_id 449379623: all attempts exhausted.
2025-09-03 13:18:03,363 [ERROR] Failed for project_id 1602258803: all attempts exhausted.
2025-09-03 13:18:03,364 [ERROR] Failed for project_id 1935853342: all attempts exhausted.
2025-09-03 13:18:03,366 [ERROR] Failed for project_id 1531034681: all attempts exhausted.
2025-09-03 13:18:03,368 [ERROR] Failed for project_id 403826156: all attempts exhausted.
2025-09-03 13:18:03,444 [ERROR] Failed for project_id 678941244: all attempts exhausted.
2025-09-03 13:18:03,460 [ERROR] Failed for project_id 165348128: all attempts exhausted.
2025-09-03 13:18:03,478 [ERROR] Failed for project_id 863636158: all attempts exhausted.
2025-09-03 13:18:03,505 [ERROR] Failed for project_id 472677176: all attempts exhausted.
2025-09-03 13:18:03,507 [ERROR] Failed for project_id 554039017: all attempts exhausted.
2025-09-03 13:18:03,536 [ERROR] Failed for project_id 619988157: all attempts exhausted.
2025-09-03 13:18:03,591 [ERROR] Failed for project_id 2009773451: all attempts exhausted.
2025-09-03 13:18:03,593 [ERROR] Failed for project_id 1281748033: all attempts exhausted.
2025-09-03 13:18:03,611 [ERROR] Failed for project_id 1591900904: all attempts exhausted.
2025-09-03 13:18:03,631 [ERROR] Failed for project_id 2071875829: all attempts exhausted.
2025-09-03 13:18:03,639 [ERROR] Failed for project_id 813729048: all attempts exhausted.
2025-09-03 13:18:03,639 [ERROR] Failed for project_id 2014398041: all attempts exhausted.
2025-09-03 13:18:03,654 [ERROR] Failed for project_id 946046601: all attempts exhausted.
2025-09-03 13:18:03,715 [ERROR] Failed for project_id 1855925689: all attempts exhausted.
2025-09-03 13:18:03,716 [ERROR] Failed for project_id 1955200606: all attempts exhausted.
2025-09-03 13:18:03,725 [ERROR] Failed for project_id 537207904: all attempts exhausted.
2025-09-03 13:18:03,751 [ERROR] Failed for project_id 2088493187: all attempts exhausted.
2025-09-03 13:18:03,775 [ERROR] Failed for project_id 1098099172: all attempts exhausted.
2025-09-03 13:18:03,776 [ERROR] Failed for project_id 1215277323: all attempts exhausted.
2025-09-03 13:18:03,818 [ERROR] Failed for project_id 968876984: all attempts exhausted.
2025-09-03 13:18:03,872 [ERROR] Failed for project_id 6339413: all attempts exhausted.
2025-09-03 13:18:03,884 [ERROR] Failed for project_id 2128986908: all attempts exhausted.
2025-09-03 13:18:03,905 [ERROR] Failed for project_id 1209128965: all attempts exhausted.
2025-09-03 13:18:03,929 [ERROR] Failed for project_id 1668712386: all attempts exhausted.
2025-09-03 13:18:03,952 [ERROR] Failed for project_id 297649856: all attempts exhausted.
2025-09-03 13:18:03,990 [ERROR] Failed for project_id 129431091: all attempts exhausted.
2025-09-03 13:18:03,994 [ERROR] Failed for project_id 1051435308: all attempts exhausted.
2025-09-03 13:18:04,015 [ERROR] Failed for project_id 1170425627: all attempts exhausted.
2025-09-03 13:18:04,028 [ERROR] Failed for project_id 1757628947: all attempts exhausted.
2025-09-03 13:18:04,053 [ERROR] Failed for project_id 2030618579: all attempts exhausted.
2025-09-03 13:18:04,057 [ERROR] Failed for project_id 1407306641: all attempts exhausted.
2025-09-03 13:18:04,095 [ERROR] Failed for project_id 2007574279: all attempts exhausted.
2025-09-03 13:18:04,113 [ERROR] Failed for project_id 1225798114: all attempts exhausted.
2025-09-03 13:18:04,132 [ERROR] Failed for project_id 1780826210: all attempts exhausted.
2025-09-03 13:18:04,198 [ERROR] Failed for project_id 305557503: all attempts exhausted.
2025-09-03 13:18:04,206 [ERROR] Failed for project_id 1397934440: all attempts exhausted.
2025-09-03 13:18:04,208 [ERROR] Failed for project_id 645126340: all attempts exhausted.
2025-09-03 13:18:04,214 [ERROR] Failed for project_id 1601896827: all attempts exhausted.
2025-09-03 13:18:04,218 [ERROR] Failed for project_id 486718312: all attempts exhausted.
2025-09-03 13:18:04,233 [ERROR] Failed for project_id 909240731: all attempts exhausted.
2025-09-03 13:18:04,308 [ERROR] Failed for project_id 2081710112: all attempts exhausted.
2025-09-03 13:18:04,342 [ERROR] Failed for project_id 193146564: all attempts exhausted.
2025-09-03 13:18:04,346 [ERROR] Failed for project_id 350180061: all attempts exhausted.
2025-09-03 13:18:04,380 [ERROR] Failed for project_id 145320715: all attempts exhausted.
2025-09-03 13:18:04,388 [ERROR] Failed for project_id 649599573: all attempts exhausted.
2025-09-03 13:18:04,447 [ERROR] Failed for project_id 584579796: all attempts exhausted.
2025-09-03 13:18:04,506 [ERROR] Failed for project_id 2082361089: all attempts exhausted.
2025-09-03 13:18:04,513 [ERROR] Failed for project_id 57655960: all attempts exhausted.
2025-09-03 13:18:04,521 [ERROR] Failed for project_id 1121407732: all attempts exhausted.
2025-09-03 13:18:04,539 [ERROR] Failed for project_id 992315536: all attempts exhausted.
2025-09-03 13:18:04,608 [ERROR] Failed for project_id 1686196194: all attempts exhausted.
2025-09-03 13:18:04,609 [INFO] Downloaded 409605890.webp and upscaled to 160x160
2025-09-03 13:18:04,613 [ERROR] Failed for project_id 297483584: all attempts exhausted.
2025-09-03 13:18:04,643 [ERROR] Failed for project_id 805427265: all attempts exhausted.
2025-09-03 13:18:04,686 [ERROR] Failed for project_id 1908409562: all attempts exhausted.
2025-09-03 13:18:04,705 [ERROR] Failed for project_id 295914405: all attempts exhausted.
2025-09-03 13:18:04,713 [ERROR] Failed for project_id 384727162: all attempts exhausted.
2025-09-03 13:18:04,719 [ERROR] Failed for project_id 914616103: all attempts exhausted.
2025-09-03 13:18:04,746 [ERROR] Failed for project_id 587865510: all attempts exhausted.
2025-09-03 13:18:04,780 [ERROR] Failed for project_id 1543025101: all attempts exhausted.
2025-09-03 13:18:04,826 [ERROR] Failed for project_id 1973844938: all attempts exhausted.
2025-09-03 13:18:04,827 [ERROR] Failed for project_id 2069574415: all attempts exhausted.
2025-09-03 13:18:04,837 [ERROR] Failed for project_id 379740861: all attempts exhausted.
2025-09-03 13:18:04,839 [ERROR] Failed for project_id 1025021134: all attempts exhausted.
2025-09-03 13:18:04,850 [ERROR] Failed for project_id 1812735769: all attempts exhausted.
2025-09-03 13:18:04,883 [ERROR] Failed for project_id 1097178790: all attempts exhausted.
2025-09-03 13:18:04,892 [ERROR] Failed for project_id 2140586966: all attempts exhausted.
2025-09-03 13:18:04,896 [ERROR] Failed for project_id 1051902618: all attempts exhausted.
2025-09-03 13:18:04,943 [ERROR] Failed for project_id 303620403: all attempts exhausted.
2025-09-03 13:18:04,953 [ERROR] Failed for project_id 723753476: all attempts exhausted.
2025-09-03 13:18:04,960 [ERROR] Failed for project_id 821804515: all attempts exhausted.
2025-09-03 13:18:05,004 [ERROR] Failed for project_id 1393351238: all attempts exhausted.
2025-09-03 13:18:05,014 [ERROR] Failed for project_id 812198995: all attempts exhausted.
2025-09-03 13:18:05,024 [ERROR] Failed for project_id 1341777587: all attempts exhausted.
2025-09-03 13:18:05,027 [ERROR] Failed for project_id 129882963: all attempts exhausted.
2025-09-03 13:18:05,035 [ERROR] Failed for project_id 918069970: all attempts exhausted.
2025-09-03 13:18:05,066 [ERROR] Failed for project_id 1533309558: all attempts exhausted.
2025-09-03 13:18:05,121 [ERROR] Failed for project_id 1638214745: all attempts exhausted.
2025-09-03 13:18:05,128 [ERROR] Failed for project_id 1713019112: all attempts exhausted.
2025-09-03 13:18:05,128 [ERROR] Failed for project_id 1563471893: all attempts exhausted.
2025-09-03 13:18:05,180 [ERROR] Failed for project_id 526669814: all attempts exhausted.
2025-09-03 13:18:05,191 [ERROR] Failed for project_id 1035573083: all attempts exhausted.
2025-09-03 13:18:05,216 [ERROR] Failed for project_id 1750468318: all attempts exhausted.
2025-09-03 13:18:05,252 [ERROR] Failed for project_id 454362048: all attempts exhausted.
2025-09-03 13:18:05,256 [ERROR] Failed for project_id 1585091937: all attempts exhausted.
2025-09-03 13:18:05,298 [ERROR] Failed for project_id 670252285: all attempts exhausted.
2025-09-03 13:18:05,319 [ERROR] Failed for project_id 2031163188: all attempts exhausted.
2025-09-03 13:18:05,319 [ERROR] Failed for project_id 1826403488: all attempts exhausted.
2025-09-03 13:18:05,380 [ERROR] Failed for project_id 1773475875: all attempts exhausted.
2025-09-03 13:18:05,459 [ERROR] Failed for project_id 217136196: all attempts exhausted.
2025-09-03 13:18:05,465 [ERROR] Failed for project_id 1431895171: all attempts exhausted.
2025-09-03 13:18:05,468 [ERROR] Failed for project_id 437013158: all attempts exhausted.
2025-09-03 13:18:05,474 [ERROR] Failed for project_id 639447534: all attempts exhausted.
2025-09-03 13:18:05,516 [ERROR] Failed for project_id 1905757845: all attempts exhausted.
2025-09-03 13:18:05,588 [ERROR] Failed for project_id 1225155750: all attempts exhausted.
2025-09-03 13:18:05,604 [ERROR] Failed for project_id 884287781: all attempts exhausted.
2025-09-03 13:18:05,610 [ERROR] Failed for project_id 1961539285: all attempts exhausted.
2025-09-03 13:18:05,653 [ERROR] Failed for project_id 2039775971: all attempts exhausted.
2025-09-03 13:18:05,654 [ERROR] Failed for project_id 560192321: all attempts exhausted.
2025-09-03 13:18:05,659 [ERROR] Failed for project_id 582825984: all attempts exhausted.
2025-09-03 13:18:05,711 [ERROR] Failed for project_id 1936677735: all attempts exhausted.
2025-09-03 13:18:05,748 [ERROR] Failed for project_id 1492796296: all attempts exhausted.
2025-09-03 13:18:05,779 [ERROR] Failed for project_id 1321818549: all attempts exhausted.
2025-09-03 13:18:05,785 [ERROR] Failed for project_id 885440109: all attempts exhausted.
2025-09-03 13:18:05,802 [ERROR] Failed for project_id 1649828940: all attempts exhausted.
2025-09-03 13:18:05,802 [ERROR] Failed for project_id 599314815: all attempts exhausted.
2025-09-03 13:18:05,820 [ERROR] Failed for project_id 968327798: all attempts exhausted.
2025-09-03 13:18:05,844 [ERROR] Failed for project_id 1846798660: all attempts exhausted.
2025-09-03 13:18:05,858 [ERROR] Failed for project_id 1161985565: all attempts exhausted.
2025-09-03 13:18:05,936 [ERROR] Failed for project_id 31895241: all attempts exhausted.
2025-09-03 13:18:05,947 [ERROR] Failed for project_id 1953279196: all attempts exhausted.
2025-09-03 13:18:05,975 [ERROR] Failed for project_id 1036868705: all attempts exhausted.
2025-09-03 13:18:05,989 [ERROR] Failed for project_id 541986233: all attempts exhausted.
2025-09-03 13:18:06,074 [ERROR] Failed for project_id 969022139: all attempts exhausted.
2025-09-03 13:18:06,103 [ERROR] Failed for project_id 657614329: all attempts exhausted.
2025-09-03 13:18:06,104 [ERROR] Failed for project_id 329428530: all attempts exhausted.
2025-09-03 13:18:06,129 [ERROR] Failed for project_id 417752583: all attempts exhausted.
2025-09-03 13:18:06,130 [ERROR] Failed for project_id 338451325: all attempts exhausted.
2025-09-03 13:18:06,254 [ERROR] Failed for project_id 1983294312: all attempts exhausted.
2025-09-03 13:18:06,269 [ERROR] Failed for project_id 1435711679: all attempts exhausted.
2025-09-03 13:18:06,279 [ERROR] Failed for project_id 1464881456: all attempts exhausted.
2025-09-03 13:18:06,304 [ERROR] Failed for project_id 1420076733: all attempts exhausted.
2025-09-03 13:18:06,343 [ERROR] Failed for project_id 2075459073: all attempts exhausted.
2025-09-03 13:18:06,367 [ERROR] Failed for project_id 1263373104: all attempts exhausted.
2025-09-03 13:18:06,377 [ERROR] Failed for project_id 2010863502: all attempts exhausted.
2025-09-03 13:18:06,395 [ERROR] Failed for project_id 1358983314: all attempts exhausted.
2025-09-03 13:18:06,452 [ERROR] Failed for project_id 748605459: all attempts exhausted.
2025-09-03 13:18:06,457 [ERROR] Failed for project_id 164570236: all attempts exhausted.
2025-09-03 13:18:06,472 [ERROR] Failed for project_id 846778238: all attempts exhausted.
2025-09-03 13:18:06,473 [ERROR] Failed for project_id 401645327: all attempts exhausted.
2025-09-03 13:18:06,484 [ERROR] Failed for project_id 864380675: all attempts exhausted.
2025-09-03 13:18:06,522 [ERROR] Failed for project_id 1083683485: all attempts exhausted.
2025-09-03 13:18:06,578 [ERROR] Failed for project_id 265732399: all attempts exhausted.
2025-09-03 13:18:06,591 [ERROR] Failed for project_id 789797068: all attempts exhausted.
2025-09-03 13:18:06,615 [ERROR] Failed for project_id 1923508349: all attempts exhausted.
2025-09-03 13:18:06,625 [ERROR] Failed for project_id 734847589: all attempts exhausted.
2025-09-03 13:18:06,661 [ERROR] Failed for project_id 1518891883: all attempts exhausted.
2025-09-03 13:18:06,723 [ERROR] Failed for project_id 1381906888: all attempts exhausted.
2025-09-03 13:18:06,748 [ERROR] Failed for project_id 1488239105: all attempts exhausted.
2025-09-03 13:18:06,766 [ERROR] Failed for project_id 1338438745: all attempts exhausted.
2025-09-03 13:18:06,777 [ERROR] Failed for project_id 1621107572: all attempts exhausted.
2025-09-03 13:18:06,780 [ERROR] Failed for project_id 786265448: all attempts exhausted.
2025-09-03 13:18:06,832 [ERROR] Failed for project_id 628057587: all attempts exhausted.
2025-09-03 13:18:06,876 [ERROR] Failed for project_id 320939441: all attempts exhausted.
2025-09-03 13:18:06,916 [ERROR] Failed for project_id 805003511: all attempts exhausted.
2025-09-03 13:18:06,951 [ERROR] Failed for project_id 49196225: all attempts exhausted.
2025-09-03 13:18:06,958 [ERROR] Failed for project_id 488775322: all attempts exhausted.
2025-09-03 13:18:06,962 [ERROR] Failed for project_id 1213761199: all attempts exhausted.
2025-09-03 13:18:06,973 [ERROR] Failed for project_id 113672191: all attempts exhausted.
2025-09-03 13:18:07,015 [ERROR] Failed for project_id 272881543: all attempts exhausted.
2025-09-03 13:18:07,024 [ERROR] Failed for project_id 1096751021: all attempts exhausted.
2025-09-03 13:18:07,036 [ERROR] Failed for project_id 1173381933: all attempts exhausted.
2025-09-03 13:18:07,053 [ERROR] Failed for project_id 521371476: all attempts exhausted.
2025-09-03 13:18:07,093 [ERROR] Failed for project_id 1789527295: all attempts exhausted.
2025-09-03 13:18:07,127 [ERROR] Failed for project_id 770566919: all attempts exhausted.
2025-09-03 13:18:07,129 [ERROR] Failed for project_id 398559845: all attempts exhausted.
2025-09-03 13:18:07,163 [ERROR] Failed for project_id 869106533: all attempts exhausted.
2025-09-03 13:18:07,180 [ERROR] Failed for project_id 349653656: all attempts exhausted.
2025-09-03 13:18:07,190 [ERROR] Failed for project_id 689034205: all attempts exhausted.
2025-09-03 13:18:07,201 [ERROR] Failed for project_id 110318377: all attempts exhausted.
2025-09-03 13:18:07,275 [ERROR] Failed for project_id 957667422: all attempts exhausted.
2025-09-03 13:18:07,287 [ERROR] Failed for project_id 1448395296: all attempts exhausted.
2025-09-03 13:18:07,288 [ERROR] Failed for project_id 1306904599: all attempts exhausted.
2025-09-03 13:18:07,291 [ERROR] Failed for project_id 2025604247: all attempts exhausted.
2025-09-03 13:18:07,325 [ERROR] Failed for project_id 1494867371: all attempts exhausted.
2025-09-03 13:18:07,334 [ERROR] Failed for project_id 827988816: all attempts exhausted.
2025-09-03 13:18:07,375 [ERROR] Failed for project_id 1800879830: all attempts exhausted.
2025-09-03 13:18:07,410 [ERROR] Failed for project_id 634401426: all attempts exhausted.
2025-09-03 13:18:07,421 [ERROR] Failed for project_id 1370955264: all attempts exhausted.
2025-09-03 13:18:07,433 [ERROR] Failed for project_id 935130337: all attempts exhausted.
2025-09-03 13:18:07,433 [ERROR] Failed for project_id 191604872: all attempts exhausted.
2025-09-03 13:18:07,445 [ERROR] Failed for project_id 1493122557: all attempts exhausted.
2025-09-03 13:18:07,464 [ERROR] Failed for project_id 269995754: all attempts exhausted.
2025-09-03 13:18:07,533 [ERROR] Failed for project_id 587431185: all attempts exhausted.
2025-09-03 13:18:07,564 [ERROR] Failed for project_id 1314143272: all attempts exhausted.
2025-09-03 13:18:07,566 [ERROR] Failed for project_id 1010070353: all attempts exhausted.
2025-09-03 13:18:07,576 [ERROR] Failed for project_id 405800487: all attempts exhausted.
2025-09-03 13:18:07,603 [ERROR] Failed for project_id 560425701: all attempts exhausted.
2025-09-03 13:18:07,635 [ERROR] Failed for project_id 1803308158: all attempts exhausted.
2025-09-03 13:18:07,654 [ERROR] Failed for project_id 196147626: all attempts exhausted.
2025-09-03 13:18:07,690 [ERROR] Failed for project_id 161001250: all attempts exhausted.
2025-09-03 13:18:07,692 [ERROR] Failed for project_id 994477011: all attempts exhausted.
2025-09-03 13:18:07,711 [ERROR] Failed for project_id 2060559288: all attempts exhausted.
2025-09-03 13:18:07,738 [ERROR] Failed for project_id 2069152774: all attempts exhausted.
2025-09-03 13:18:07,771 [ERROR] Failed for project_id 931797519: all attempts exhausted.
2025-09-03 13:18:07,803 [ERROR] Failed for project_id 1600185893: all attempts exhausted.
2025-09-03 13:18:07,826 [ERROR] Failed for project_id 1992698488: all attempts exhausted.
2025-09-03 13:18:07,835 [ERROR] Failed for project_id 1274684633: all attempts exhausted.
2025-09-03 13:18:07,848 [ERROR] Failed for project_id 993277030: all attempts exhausted.
2025-09-03 13:18:07,903 [ERROR] Failed for project_id 1559416671: all attempts exhausted.
2025-09-03 13:18:07,930 [ERROR] Failed for project_id 1325411654: all attempts exhausted.
2025-09-03 13:18:07,954 [ERROR] Failed for project_id 879029513: all attempts exhausted.
2025-09-03 13:18:07,964 [ERROR] Failed for project_id 1237337413: all attempts exhausted.
2025-09-03 13:18:07,990 [ERROR] Failed for project_id 797255065: all attempts exhausted.
2025-09-03 13:18:07,994 [ERROR] Failed for project_id 617793312: all attempts exhausted.
2025-09-03 13:18:08,015 [ERROR] Failed for project_id 1122788869: all attempts exhausted.
2025-09-03 13:18:08,024 [ERROR] Failed for project_id 1638471840: all attempts exhausted.
2025-09-03 13:18:08,091 [ERROR] Failed for project_id 504956217: all attempts exhausted.
2025-09-03 13:18:08,103 [ERROR] Failed for project_id 1894371250: all attempts exhausted.
2025-09-03 13:18:08,113 [ERROR] Failed for project_id 2045281723: all attempts exhausted.
2025-09-03 13:18:08,138 [ERROR] Failed for project_id 244861955: all attempts exhausted.
2025-09-03 13:18:08,167 [ERROR] Failed for project_id 547750834: all attempts exhausted.
2025-09-03 13:18:08,209 [ERROR] Failed for project_id 986671278: all attempts exhausted.
2025-09-03 13:18:08,209 [ERROR] Failed for project_id 1779144049: all attempts exhausted.
2025-09-03 13:18:08,232 [ERROR] Failed for project_id 581040014: all attempts exhausted.
2025-09-03 13:18:08,282 [ERROR] Failed for project_id 841132032: all attempts exhausted.
2025-09-03 13:18:08,283 [ERROR] Failed for project_id 1439281506: all attempts exhausted.
2025-09-03 13:18:08,305 [ERROR] Failed for project_id 719366156: all attempts exhausted.
2025-09-03 13:18:08,317 [ERROR] Failed for project_id 375653321: all attempts exhausted.
2025-09-03 13:18:08,319 [ERROR] Failed for project_id 222754981: all attempts exhausted.
2025-09-03 13:18:08,320 [ERROR] Failed for project_id 732217639: all attempts exhausted.
2025-09-03 13:18:08,345 [ERROR] Failed for project_id 333943655: all attempts exhausted.
2025-09-03 13:18:08,402 [ERROR] Failed for project_id 756105509: all attempts exhausted.
2025-09-03 13:18:08,431 [ERROR] Failed for project_id 1129044451: all attempts exhausted.
2025-09-03 13:18:08,450 [ERROR] Failed for project_id 82873008: all attempts exhausted.
2025-09-03 13:18:08,451 [ERROR] Failed for project_id 1540131043: all attempts exhausted.
2025-09-03 13:18:08,539 [ERROR] Failed for project_id 1305194319: all attempts exhausted.
2025-09-03 13:18:08,555 [ERROR] Failed for project_id 1493935308: all attempts exhausted.
2025-09-03 13:18:08,578 [ERROR] Failed for project_id 160623786: all attempts exhausted.
2025-09-03 13:18:08,586 [ERROR] Failed for project_id 2042962273: all attempts exhausted.
2025-09-03 13:18:08,590 [ERROR] Failed for project_id 2042730302: all attempts exhausted.
2025-09-03 13:18:08,659 [ERROR] Failed for project_id 1449431462: all attempts exhausted.
2025-09-03 13:18:08,737 [ERROR] Failed for project_id 1572562543: all attempts exhausted.
2025-09-03 13:18:08,737 [ERROR] Failed for project_id 97971120: all attempts exhausted.
2025-09-03 13:18:08,743 [ERROR] Failed for project_id 613346273: all attempts exhausted.
2025-09-03 13:18:08,779 [ERROR] Failed for project_id 740698508: all attempts exhausted.
2025-09-03 13:18:08,802 [ERROR] Failed for project_id 1388617019: all attempts exhausted.
2025-09-03 13:18:08,820 [ERROR] Failed for project_id 1344700984: all attempts exhausted.
2025-09-03 13:18:08,850 [ERROR] Failed for project_id 275093976: all attempts exhausted.
2025-09-03 13:18:08,885 [ERROR] Failed for project_id 61042909: all attempts exhausted.
2025-09-03 13:18:08,898 [ERROR] Failed for project_id 1507226522: all attempts exhausted.
2025-09-03 13:18:08,944 [ERROR] Failed for project_id 1279594381: all attempts exhausted.
2025-09-03 13:18:08,977 [ERROR] Failed for project_id 1061634708: all attempts exhausted.
2025-09-03 13:18:08,986 [ERROR] Failed for project_id 553714832: all attempts exhausted.
2025-09-03 13:18:09,025 [ERROR] Failed for project_id 1718993529: all attempts exhausted.
2025-09-03 13:18:09,031 [ERROR] Failed for project_id 2049643292: all attempts exhausted.
2025-09-03 13:18:09,072 [ERROR] Failed for project_id 691347216: all attempts exhausted.
2025-09-03 13:18:09,135 [ERROR] Failed for project_id 311678797: all attempts exhausted.
2025-09-03 13:18:09,142 [ERROR] Failed for project_id 767953987: all attempts exhausted.
2025-09-03 13:18:09,151 [ERROR] Failed for project_id 229880594: all attempts exhausted.
2025-09-03 13:18:09,164 [ERROR] Failed for project_id 1116890697: all attempts exhausted.
2025-09-03 13:18:09,166 [ERROR] Failed for project_id 500681396: all attempts exhausted.
2025-09-03 13:18:09,228 [ERROR] Failed for project_id 1987085884: all attempts exhausted.
2025-09-03 13:18:09,277 [ERROR] Failed for project_id 187496447: all attempts exhausted.
2025-09-03 13:18:09,288 [ERROR] Failed for project_id 925172508: all attempts exhausted.
2025-09-03 13:18:09,288 [ERROR] Failed for project_id 573117783: all attempts exhausted.
2025-09-03 13:18:09,331 [ERROR] Failed for project_id 75228790: all attempts exhausted.
2025-09-03 13:18:09,349 [ERROR] Failed for project_id 1524161336: all attempts exhausted.
2025-09-03 13:18:09,375 [INFO] Downloaded 1757497575.png (13000x13000)
2025-09-03 13:18:09,396 [ERROR] Failed for project_id 1436527850: all attempts exhausted.
2025-09-03 13:18:09,423 [ERROR] Failed for project_id 833867177: all attempts exhausted.
2025-09-03 13:18:09,428 [ERROR] Failed for project_id 212486199: all attempts exhausted.
2025-09-03 13:18:09,473 [ERROR] Failed for project_id 22738330: all attempts exhausted.
2025-09-03 13:18:09,527 [ERROR] Failed for project_id 1379392203: all attempts exhausted.
2025-09-03 13:18:09,547 [ERROR] Failed for project_id 609615823: all attempts exhausted.
2025-09-03 13:18:09,584 [ERROR] Failed for project_id 342328996: all attempts exhausted.
2025-09-03 13:18:09,611 [ERROR] Failed for project_id 451259632: all attempts exhausted.
2025-09-03 13:18:09,701 [ERROR] Failed for project_id 2136891264: all attempts exhausted.
2025-09-03 13:18:09,711 [ERROR] Failed for project_id 215514525: all attempts exhausted.
2025-09-03 13:18:09,736 [ERROR] Failed for project_id 2089609322: all attempts exhausted.
2025-09-03 13:18:09,799 [ERROR] Failed for project_id 1174125206: all attempts exhausted.
2025-09-03 13:18:09,827 [ERROR] Failed for project_id 1993124144: all attempts exhausted.
2025-09-03 13:18:09,828 [ERROR] Failed for project_id 1547589763: all attempts exhausted.
2025-09-03 13:18:09,859 [ERROR] Failed for project_id 2000593385: all attempts exhausted.
2025-09-03 13:18:09,922 [ERROR] Failed for project_id 77009350: all attempts exhausted.
2025-09-03 13:18:09,941 [ERROR] Failed for project_id 847070902: all attempts exhausted.
2025-09-03 13:18:09,963 [ERROR] Failed for project_id 263368589: all attempts exhausted.
2025-09-03 13:18:09,964 [ERROR] Failed for project_id 570879494: all attempts exhausted.
2025-09-03 13:18:10,034 [ERROR] Failed for project_id 894891401: all attempts exhausted.
2025-09-03 13:18:10,047 [ERROR] Failed for project_id 762276940: all attempts exhausted.
2025-09-03 13:18:10,055 [ERROR] Failed for project_id 32376332: all attempts exhausted.
2025-09-03 13:18:10,058 [ERROR] Failed for project_id 1831705940: all attempts exhausted.
2025-09-03 13:18:10,085 [ERROR] Failed for project_id 1260846889: all attempts exhausted.
2025-09-03 13:18:10,152 [ERROR] Failed for project_id 199821756: all attempts exhausted.
2025-09-03 13:18:10,158 [ERROR] Failed for project_id 886284846: all attempts exhausted.
2025-09-03 13:18:10,192 [ERROR] Failed for project_id 654084001: all attempts exhausted.
2025-09-03 13:18:10,202 [ERROR] Failed for project_id 1808841008: all attempts exhausted.
2025-09-03 13:18:10,263 [ERROR] Failed for project_id 1741153290: all attempts exhausted.
2025-09-03 13:18:10,277 [ERROR] Failed for project_id 1026648732: all attempts exhausted.
2025-09-03 13:18:10,278 [ERROR] Failed for project_id 1555113288: all attempts exhausted.
2025-09-03 13:18:10,283 [INFO] Downloaded 863143248.webp and upscaled to 160x160
2025-09-03 13:18:10,296 [ERROR] Failed for project_id 1368996141: all attempts exhausted.
2025-09-03 13:18:10,333 [ERROR] Failed for project_id 1787476486: all attempts exhausted.
2025-09-03 13:18:10,385 [ERROR] Failed for project_id 1536916156: all attempts exhausted.
2025-09-03 13:18:10,398 [ERROR] Failed for project_id 438373000: all attempts exhausted.
2025-09-03 13:18:10,413 [ERROR] Failed for project_id 1322995135: all attempts exhausted.
2025-09-03 13:18:10,413 [ERROR] Failed for project_id 1732248810: all attempts exhausted.
2025-09-03 13:18:10,483 [ERROR] Failed for project_id 1428889432: all attempts exhausted.
2025-09-03 13:18:10,493 [ERROR] Failed for project_id 955656078: all attempts exhausted.
2025-09-03 13:18:10,503 [ERROR] Failed for project_id 1442674221: all attempts exhausted.
2025-09-03 13:18:10,535 [ERROR] Failed for project_id 647342965: all attempts exhausted.
2025-09-03 13:18:10,540 [ERROR] Failed for project_id 221645580: all attempts exhausted.
2025-09-03 13:18:10,611 [ERROR] Failed for project_id 908672391: all attempts exhausted.
2025-09-03 13:18:10,611 [ERROR] Failed for project_id 1922668871: all attempts exhausted.
2025-09-03 13:18:10,635 [ERROR] Failed for project_id 351630690: all attempts exhausted.
2025-09-03 13:18:10,636 [ERROR] Failed for project_id 1154496360: all attempts exhausted.
2025-09-03 13:18:10,669 [ERROR] Failed for project_id 589053615: all attempts exhausted.
2025-09-03 13:18:10,723 [ERROR] Failed for project_id 1590598182: all attempts exhausted.
2025-09-03 13:18:10,742 [ERROR] Failed for project_id 177890204: all attempts exhausted.
2025-09-03 13:18:10,764 [ERROR] Failed for project_id 1823161392: all attempts exhausted.
2025-09-03 13:18:10,784 [ERROR] Failed for project_id 1296441032: all attempts exhausted.
2025-09-03 13:18:10,806 [ERROR] Failed for project_id 478842178: all attempts exhausted.
2025-09-03 13:18:10,872 [ERROR] Failed for project_id 532432884: all attempts exhausted.
2025-09-03 13:18:10,881 [ERROR] Failed for project_id 1269661246: all attempts exhausted.
2025-09-03 13:18:10,897 [ERROR] Failed for project_id 2021727545: all attempts exhausted.
2025-09-03 13:18:10,897 [ERROR] Failed for project_id 1599437790: all attempts exhausted.
2025-09-03 13:18:10,904 [ERROR] Failed for project_id 51545601: all attempts exhausted.
2025-09-03 13:18:10,919 [ERROR] Failed for project_id 141615155: all attempts exhausted.
2025-09-03 13:18:10,966 [ERROR] Failed for project_id 1221574513: all attempts exhausted.
2025-09-03 13:18:10,984 [ERROR] Failed for project_id 802081164: all attempts exhausted.
2025-09-03 13:18:11,001 [ERROR] Failed for project_id 360283831: all attempts exhausted.
2025-09-03 13:18:11,025 [ERROR] Failed for project_id 1933462104: all attempts exhausted.
2025-09-03 13:18:11,043 [ERROR] Failed for project_id 17620851: all attempts exhausted.
2025-09-03 13:18:11,058 [ERROR] Failed for project_id 741378507: all attempts exhausted.
2025-09-03 13:18:11,059 [ERROR] Failed for project_id 147646326: all attempts exhausted.
2025-09-03 13:18:11,109 [ERROR] Failed for project_id 1454957651: all attempts exhausted.
2025-09-03 13:18:11,119 [ERROR] Failed for project_id 644758336: all attempts exhausted.
2025-09-03 13:18:11,130 [ERROR] Failed for project_id 534993920: all attempts exhausted.
2025-09-03 13:18:11,174 [ERROR] Failed for project_id 1154154093: all attempts exhausted.
2025-09-03 13:18:11,174 [ERROR] Failed for project_id 1972355876: all attempts exhausted.
2025-09-03 13:18:11,206 [ERROR] Failed for project_id 23207603: all attempts exhausted.
2025-09-03 13:18:11,210 [ERROR] Failed for project_id 1425877121: all attempts exhausted.
2025-09-03 13:18:11,223 [ERROR] Failed for project_id 1454622122: all attempts exhausted.
2025-09-03 13:18:11,242 [ERROR] Failed for project_id 1539224580: all attempts exhausted.
2025-09-03 13:18:11,257 [ERROR] Failed for project_id 1783507417: all attempts exhausted.
2025-09-03 13:18:11,264 [ERROR] Failed for project_id 984424166: all attempts exhausted.
2025-09-03 13:18:11,302 [ERROR] Failed for project_id 388422652: all attempts exhausted.
2025-09-03 13:18:11,319 [ERROR] Failed for project_id 857754670: all attempts exhausted.
2025-09-03 13:18:11,322 [ERROR] Failed for project_id 531049379: all attempts exhausted.
2025-09-03 13:18:11,342 [ERROR] Failed for project_id 1324820832: all attempts exhausted.
2025-09-03 13:18:11,368 [ERROR] Failed for project_id 2100022267: all attempts exhausted.
2025-09-03 13:18:11,374 [ERROR] Failed for project_id 1941653893: all attempts exhausted.
2025-09-03 13:18:11,380 [ERROR] Failed for project_id 1603613508: all attempts exhausted.
2025-09-03 13:18:11,417 [ERROR] Failed for project_id 496339477: all attempts exhausted.
2025-09-03 13:18:11,419 [ERROR] Failed for project_id 1632186790: all attempts exhausted.
2025-09-03 13:18:11,432 [ERROR] Failed for project_id 2133862570: all attempts exhausted.
2025-09-03 13:18:11,464 [ERROR] Failed for project_id 1720086332: all attempts exhausted.
2025-09-03 13:18:11,467 [ERROR] Failed for project_id 1186861196: all attempts exhausted.
2025-09-03 13:18:11,479 [ERROR] Failed for project_id 1396504136: all attempts exhausted.
2025-09-03 13:18:11,523 [ERROR] Failed for project_id 400748116: all attempts exhausted.
2025-09-03 13:18:11,574 [ERROR] Failed for project_id 1140206451: all attempts exhausted.
2025-09-03 13:18:11,581 [ERROR] Failed for project_id 317283056: all attempts exhausted.
2025-09-03 13:18:11,584 [ERROR] Failed for project_id 333317818: all attempts exhausted.
2025-09-03 13:18:11,589 [ERROR] Failed for project_id 1146551026: all attempts exhausted.
2025-09-03 13:18:11,682 [ERROR] Failed for project_id 1103454548: all attempts exhausted.
2025-09-03 13:18:11,701 [ERROR] Failed for project_id 1394577846: all attempts exhausted.
2025-09-03 13:18:11,729 [ERROR] Failed for project_id 1369278574: all attempts exhausted.
2025-09-03 13:18:11,766 [ERROR] Failed for project_id 951654196: all attempts exhausted.
2025-09-03 13:18:11,773 [ERROR] Failed for project_id 1208641070: all attempts exhausted.
2025-09-03 13:18:11,819 [ERROR] Failed for project_id 1772569986: all attempts exhausted.
2025-09-03 13:18:11,822 [ERROR] Failed for project_id 1507379561: all attempts exhausted.
2025-09-03 13:18:11,824 [ERROR] Failed for project_id 1719405376: all attempts exhausted.
2025-09-03 13:18:11,877 [ERROR] Failed for project_id 502980204: all attempts exhausted.
2025-09-03 13:18:11,880 [ERROR] Failed for project_id 1172126117: all attempts exhausted.
2025-09-03 13:18:11,889 [ERROR] Failed for project_id 1203120755: all attempts exhausted.
2025-09-03 13:18:11,949 [ERROR] Failed for project_id 832842464: all attempts exhausted.
2025-09-03 13:18:11,953 [ERROR] Failed for project_id 836183028: all attempts exhausted.
2025-09-03 13:18:11,964 [ERROR] Failed for project_id 886488174: all attempts exhausted.
2025-09-03 13:18:11,999 [ERROR] Failed for project_id 830816900: all attempts exhausted.
2025-09-03 13:18:12,011 [ERROR] Failed for project_id 290303825: all attempts exhausted.
2025-09-03 13:18:12,041 [ERROR] Failed for project_id 184848521: all attempts exhausted.
2025-09-03 13:18:12,073 [ERROR] Failed for project_id 2009491691: all attempts exhausted.
2025-09-03 13:18:12,077 [ERROR] Failed for project_id 258574084: all attempts exhausted.
2025-09-03 13:18:12,098 [ERROR] Failed for project_id 1483437488: all attempts exhausted.
2025-09-03 13:18:12,130 [ERROR] Failed for project_id 1809997432: all attempts exhausted.
2025-09-03 13:18:12,130 [ERROR] Failed for project_id 2084109407: all attempts exhausted.
2025-09-03 13:18:12,194 [ERROR] Failed for project_id 1514375925: all attempts exhausted.
2025-09-03 13:18:12,195 [ERROR] Failed for project_id 504632055: all attempts exhausted.
2025-09-03 13:18:12,198 [ERROR] Failed for project_id 23440054: all attempts exhausted.
2025-09-03 13:18:12,215 [ERROR] Failed for project_id 1450281746: all attempts exhausted.
2025-09-03 13:18:12,257 [ERROR] Failed for project_id 38428012: all attempts exhausted.
2025-09-03 13:18:12,263 [ERROR] Failed for project_id 58240476: all attempts exhausted.
2025-09-03 13:18:12,301 [ERROR] Failed for project_id 1588386769: all attempts exhausted.
2025-09-03 13:18:12,350 [ERROR] Failed for project_id 2091994037: all attempts exhausted.
2025-09-03 13:18:12,351 [ERROR] Failed for project_id 1612110729: all attempts exhausted.
2025-09-03 13:18:12,392 [ERROR] Failed for project_id 383807759: all attempts exhausted.
2025-09-03 13:18:12,405 [ERROR] Failed for project_id 1548816060: all attempts exhausted.
2025-09-03 13:18:12,427 [ERROR] Failed for project_id 1627995667: all attempts exhausted.
2025-09-03 13:18:12,434 [ERROR] Failed for project_id 74980297: all attempts exhausted.
2025-09-03 13:18:12,477 [ERROR] Failed for project_id 1998605442: all attempts exhausted.
2025-09-03 13:18:12,551 [ERROR] Failed for project_id 1254158758: all attempts exhausted.
2025-09-03 13:18:12,561 [ERROR] Failed for project_id 1790748635: all attempts exhausted.
2025-09-03 13:18:12,571 [ERROR] Failed for project_id 1410625285: all attempts exhausted.
2025-09-03 13:18:12,580 [ERROR] Failed for project_id 1426906617: all attempts exhausted.
2025-09-03 13:18:12,580 [ERROR] Failed for project_id 945347079: all attempts exhausted.
2025-09-03 13:18:12,595 [ERROR] Failed for project_id 405586354: all attempts exhausted.
2025-09-03 13:18:12,639 [ERROR] Failed for project_id 32672352: all attempts exhausted.
2025-09-03 13:18:12,660 [ERROR] Failed for project_id 856639112: all attempts exhausted.
2025-09-03 13:18:12,679 [ERROR] Failed for project_id 68114348: all attempts exhausted.
2025-09-03 13:18:12,704 [ERROR] Failed for project_id 1998061907: all attempts exhausted.
2025-09-03 13:18:12,724 [ERROR] Failed for project_id 275752660: all attempts exhausted.
2025-09-03 13:18:12,733 [ERROR] Failed for project_id 519663084: all attempts exhausted.
2025-09-03 13:18:12,740 [ERROR] Failed for project_id 56668677: all attempts exhausted.
2025-09-03 13:18:12,819 [ERROR] Failed for project_id 1023346996: all attempts exhausted.
2025-09-03 13:18:12,823 [ERROR] Failed for project_id 182284070: all attempts exhausted.
2025-09-03 13:18:12,827 [ERROR] Failed for project_id 307734893: all attempts exhausted.
2025-09-03 13:18:12,839 [ERROR] Failed for project_id 1595078640: all attempts exhausted.
2025-09-03 13:18:12,840 [ERROR] Failed for project_id 1944593182: all attempts exhausted.
2025-09-03 13:18:12,845 [ERROR] Failed for project_id 1672890356: all attempts exhausted.
2025-09-03 13:18:12,853 [ERROR] Failed for project_id 1303266894: all attempts exhausted.
2025-09-03 13:18:12,926 [ERROR] Failed for project_id 726943839: all attempts exhausted.
2025-09-03 13:18:12,937 [ERROR] Failed for project_id 1436368459: all attempts exhausted.
2025-09-03 13:18:12,944 [ERROR] Failed for project_id 1701712985: all attempts exhausted.
2025-09-03 13:18:12,951 [ERROR] Failed for project_id 1869714061: all attempts exhausted.
2025-09-03 13:18:12,962 [ERROR] Failed for project_id 1434134288: all attempts exhausted.
2025-09-03 13:18:12,964 [ERROR] Failed for project_id 1941540816: all attempts exhausted.
2025-09-03 13:18:12,992 [ERROR] Failed for project_id 1819089822: all attempts exhausted.
2025-09-03 13:18:12,994 [ERROR] Failed for project_id 2052144531: all attempts exhausted.
2025-09-03 13:18:13,030 [ERROR] Failed for project_id 1907452484: all attempts exhausted.
2025-09-03 13:18:13,074 [ERROR] Failed for project_id 2055677919: all attempts exhausted.
2025-09-03 13:18:13,079 [ERROR] Failed for project_id 92153702: all attempts exhausted.
2025-09-03 13:18:13,091 [ERROR] Failed for project_id 1481350482: all attempts exhausted.
2025-09-03 13:18:13,091 [ERROR] Failed for project_id 1585688909: all attempts exhausted.
2025-09-03 13:18:13,102 [ERROR] Failed for project_id 739916407: all attempts exhausted.
2025-09-03 13:18:13,156 [ERROR] Failed for project_id 1368654262: all attempts exhausted.
2025-09-03 13:18:13,196 [ERROR] Failed for project_id 996090872: all attempts exhausted.
2025-09-03 13:18:13,210 [ERROR] Failed for project_id 1080364312: all attempts exhausted.
2025-09-03 13:18:13,220 [ERROR] Failed for project_id 1708681257: all attempts exhausted.
2025-09-03 13:18:13,249 [ERROR] Failed for project_id 1265631723: all attempts exhausted.
2025-09-03 13:18:13,279 [ERROR] Failed for project_id 808063537: all attempts exhausted.
2025-09-03 13:18:13,297 [ERROR] Failed for project_id 2023266400: all attempts exhausted.
2025-09-03 13:18:13,297 [ERROR] Failed for project_id 1448846227: all attempts exhausted.
2025-09-03 13:18:13,326 [ERROR] Failed for project_id 1919585641: all attempts exhausted.
2025-09-03 13:18:13,360 [ERROR] Failed for project_id 1637522430: all attempts exhausted.
2025-09-03 13:18:13,392 [ERROR] Failed for project_id 1588936355: all attempts exhausted.
2025-09-03 13:18:13,393 [ERROR] Failed for project_id 1172962586: all attempts exhausted.
2025-09-03 13:18:13,397 [ERROR] Failed for project_id 1805038305: all attempts exhausted.
2025-09-03 13:18:13,425 [ERROR] Failed for project_id 1500205595: all attempts exhausted.
2025-09-03 13:18:13,503 [ERROR] Failed for project_id 765479513: all attempts exhausted.
2025-09-03 13:18:13,509 [ERROR] Failed for project_id 2073194775: all attempts exhausted.
2025-09-03 13:18:13,514 [ERROR] Failed for project_id 49086595: all attempts exhausted.
2025-09-03 13:18:13,576 [ERROR] Failed for project_id 98032916: all attempts exhausted.
2025-09-03 13:18:13,589 [ERROR] Failed for project_id 771347789: all attempts exhausted.
2025-09-03 13:18:13,600 [ERROR] Failed for project_id 2090021010: all attempts exhausted.
2025-09-03 13:18:13,618 [ERROR] Failed for project_id 80692065: all attempts exhausted.
2025-09-03 13:18:13,675 [ERROR] Failed for project_id 1372591624: all attempts exhausted.
2025-09-03 13:18:13,676 [ERROR] Failed for project_id 1639903509: all attempts exhausted.
2025-09-03 13:18:13,703 [ERROR] Failed for project_id 1316867198: all attempts exhausted.
2025-09-03 13:18:13,719 [ERROR] Failed for project_id 830054479: all attempts exhausted.
2025-09-03 13:18:13,772 [ERROR] Failed for project_id 1656188246: all attempts exhausted.
2025-09-03 13:18:13,818 [ERROR] Failed for project_id 1142490695: all attempts exhausted.
2025-09-03 13:18:13,878 [ERROR] Failed for project_id 1854074902: all attempts exhausted.
2025-09-03 13:18:13,879 [ERROR] Failed for project_id 1529238115: all attempts exhausted.
2025-09-03 13:18:13,882 [ERROR] Failed for project_id 676816640: all attempts exhausted.
2025-09-03 13:18:13,939 [ERROR] Failed for project_id 1683549128: all attempts exhausted.
2025-09-03 13:18:13,979 [ERROR] Failed for project_id 1759874960: all attempts exhausted.
2025-09-03 13:18:14,010 [ERROR] Failed for project_id 225535151: all attempts exhausted.
2025-09-03 13:18:14,040 [ERROR] Failed for project_id 1005697607: all attempts exhausted.
2025-09-03 13:18:14,070 [ERROR] Failed for project_id 127435937: all attempts exhausted.
2025-09-03 13:18:14,090 [ERROR] Failed for project_id 1693638224: all attempts exhausted.
2025-09-03 13:18:14,098 [ERROR] Failed for project_id 299672031: all attempts exhausted.
2025-09-03 13:18:14,099 [ERROR] Failed for project_id 412055615: all attempts exhausted.
2025-09-03 13:18:14,168 [ERROR] Failed for project_id 628455206: all attempts exhausted.
2025-09-03 13:18:14,182 [ERROR] Failed for project_id 1852486392: all attempts exhausted.
2025-09-03 13:18:14,186 [ERROR] Failed for project_id 2139112080: all attempts exhausted.
2025-09-03 13:18:14,208 [ERROR] Failed for project_id 271065287: all attempts exhausted.
2025-09-03 13:18:14,218 [ERROR] Failed for project_id 272256357: all attempts exhausted.
2025-09-03 13:18:14,226 [ERROR] Failed for project_id 1368443296: all attempts exhausted.
2025-09-03 13:18:14,291 [ERROR] Failed for project_id 577172345: all attempts exhausted.
2025-09-03 13:18:14,302 [ERROR] Failed for project_id 1867876579: all attempts exhausted.
2025-09-03 13:18:14,305 [ERROR] Failed for project_id 1038956660: all attempts exhausted.
2025-09-03 13:18:14,315 [ERROR] Failed for project_id 798845876: all attempts exhausted.
2025-09-03 13:18:14,334 [ERROR] Failed for project_id 1975323577: all attempts exhausted.
2025-09-03 13:18:14,359 [ERROR] Failed for project_id 1751715431: all attempts exhausted.
2025-09-03 13:18:14,385 [ERROR] Failed for project_id 1037797784: all attempts exhausted.
2025-09-03 13:18:14,427 [ERROR] Failed for project_id 973162756: all attempts exhausted.
2025-09-03 13:18:14,433 [ERROR] Failed for project_id 1191267950: all attempts exhausted.
2025-09-03 13:18:14,443 [ERROR] Failed for project_id 1803633957: all attempts exhausted.
2025-09-03 13:18:14,460 [ERROR] Failed for project_id 413494909: all attempts exhausted.
2025-09-03 13:18:14,473 [ERROR] Failed for project_id 1893935180: all attempts exhausted.
2025-09-03 13:18:14,501 [ERROR] Failed for project_id 403967055: all attempts exhausted.
2025-09-03 13:18:14,502 [ERROR] Failed for project_id 1861188486: all attempts exhausted.
2025-09-03 13:18:14,511 [ERROR] Failed for project_id 94663695: all attempts exhausted.
2025-09-03 13:18:14,543 [ERROR] Failed for project_id 1793279680: all attempts exhausted.
2025-09-03 13:18:14,619 [ERROR] Failed for project_id 2127848097: all attempts exhausted.
2025-09-03 13:18:14,619 [ERROR] Failed for project_id 415009377: all attempts exhausted.
2025-09-03 13:18:14,630 [ERROR] Failed for project_id 1913349245: all attempts exhausted.
2025-09-03 13:18:14,630 [ERROR] Failed for project_id 1235914001: all attempts exhausted.
2025-09-03 13:18:14,637 [ERROR] Failed for project_id 524760925: all attempts exhausted.
2025-09-03 13:18:14,637 [ERROR] Failed for project_id 1642983199: all attempts exhausted.
2025-09-03 13:18:14,692 [ERROR] Failed for project_id 64295677: all attempts exhausted.
2025-09-03 13:18:14,724 [ERROR] Failed for project_id 618771308: all attempts exhausted.
2025-09-03 13:18:14,740 [ERROR] Failed for project_id 2074350734: all attempts exhausted.
2025-09-03 13:18:14,752 [ERROR] Failed for project_id 2038852643: all attempts exhausted.
2025-09-03 13:18:14,782 [ERROR] Failed for project_id 587114645: all attempts exhausted.
2025-09-03 13:18:14,818 [ERROR] Failed for project_id 53535261: all attempts exhausted.
2025-09-03 13:18:14,867 [ERROR] Failed for project_id 738397955: all attempts exhausted.
2025-09-03 13:18:14,873 [ERROR] Failed for project_id 1716293657: all attempts exhausted.
2025-09-03 13:18:14,880 [ERROR] Failed for project_id 571937655: all attempts exhausted.
2025-09-03 13:18:14,928 [ERROR] Failed for project_id 1459918701: all attempts exhausted.
2025-09-03 13:18:14,958 [ERROR] Failed for project_id 193489120: all attempts exhausted.
2025-09-03 13:18:14,976 [ERROR] Failed for project_id 1102066583: all attempts exhausted.
2025-09-03 13:18:14,990 [ERROR] Failed for project_id 215133993: all attempts exhausted.
2025-09-03 13:18:14,999 [ERROR] Failed for project_id 146808570: all attempts exhausted.
2025-09-03 13:18:15,071 [ERROR] Failed for project_id 1261723393: all attempts exhausted.
2025-09-03 13:18:15,096 [ERROR] Failed for project_id 24478237: all attempts exhausted.
2025-09-03 13:18:15,107 [ERROR] Failed for project_id 2049744754: all attempts exhausted.
2025-09-03 13:18:15,113 [ERROR] Failed for project_id 1231840701: all attempts exhausted.
2025-09-03 13:18:15,114 [ERROR] Failed for project_id 1637292971: all attempts exhausted.
2025-09-03 13:18:15,117 [ERROR] Failed for project_id 1939144401: all attempts exhausted.
2025-09-03 13:18:15,119 [ERROR] Failed for project_id 207244936: all attempts exhausted.
2025-09-03 13:18:15,213 [ERROR] Failed for project_id 1991037096: all attempts exhausted.
2025-09-03 13:18:15,214 [ERROR] Failed for project_id 520819500: all attempts exhausted.
2025-09-03 13:18:15,225 [ERROR] Failed for project_id 1380333093: all attempts exhausted.
2025-09-03 13:18:15,244 [ERROR] Failed for project_id 1842429428: all attempts exhausted.
2025-09-03 13:18:15,252 [ERROR] Failed for project_id 1467144413: all attempts exhausted.
2025-09-03 13:18:15,281 [ERROR] Failed for project_id 1450554282: all attempts exhausted.
2025-09-03 13:18:15,322 [ERROR] Failed for project_id 781738370: all attempts exhausted.
2025-09-03 13:18:15,357 [ERROR] Failed for project_id 103709381: all attempts exhausted.
2025-09-03 13:18:15,357 [ERROR] Failed for project_id 395207491: all attempts exhausted.
2025-09-03 13:18:15,363 [ERROR] Failed for project_id 970050329: all attempts exhausted.
2025-09-03 13:18:15,379 [ERROR] Failed for project_id 1200007782: all attempts exhausted.
2025-09-03 13:18:15,437 [ERROR] Failed for project_id 46784181: all attempts exhausted.
2025-09-03 13:18:15,462 [ERROR] Failed for project_id 406187665: all attempts exhausted.
2025-09-03 13:18:15,508 [ERROR] Failed for project_id 104892945: all attempts exhausted.
2025-09-03 13:18:15,518 [ERROR] Failed for project_id 497105096: all attempts exhausted.
2025-09-03 13:18:15,522 [ERROR] Failed for project_id 2088144992: all attempts exhausted.
2025-09-03 13:18:15,557 [ERROR] Failed for project_id 1432483279: all attempts exhausted.
2025-09-03 13:18:15,567 [ERROR] Failed for project_id 1009811857: all attempts exhausted.
2025-09-03 13:18:15,632 [ERROR] Failed for project_id 1421136041: all attempts exhausted.
2025-09-03 13:18:15,659 [ERROR] Failed for project_id 309714820: all attempts exhausted.
2025-09-03 13:18:15,685 [ERROR] Failed for project_id 1284344482: all attempts exhausted.
2025-09-03 13:18:15,687 [ERROR] Failed for project_id 876547297: all attempts exhausted.
2025-09-03 13:18:15,702 [ERROR] Failed for project_id 234411111: all attempts exhausted.
2025-09-03 13:18:15,760 [ERROR] Failed for project_id 337603711: all attempts exhausted.
2025-09-03 13:18:15,787 [ERROR] Failed for project_id 2071114369: all attempts exhausted.
2025-09-03 13:18:15,807 [ERROR] Failed for project_id 198154730: all attempts exhausted.
2025-09-03 13:18:15,825 [ERROR] Failed for project_id 1842400112: all attempts exhausted.
2025-09-03 13:18:15,830 [ERROR] Failed for project_id 580328243: all attempts exhausted.
2025-09-03 13:18:15,886 [ERROR] Failed for project_id 1390261108: all attempts exhausted.
2025-09-03 13:18:15,906 [ERROR] Failed for project_id 448247246: all attempts exhausted.
2025-09-03 13:18:15,952 [ERROR] Failed for project_id 1734539800: all attempts exhausted.
2025-09-03 13:18:15,958 [ERROR] Failed for project_id 1389606179: all attempts exhausted.
2025-09-03 13:18:15,958 [ERROR] Failed for project_id 795728263: all attempts exhausted.
2025-09-03 13:18:15,962 [ERROR] Failed for project_id 1672886165: all attempts exhausted.
2025-09-03 13:18:15,994 [ERROR] Failed for project_id 416326789: all attempts exhausted.
2025-09-03 13:18:16,032 [ERROR] Failed for project_id 196373854: all attempts exhausted.
2025-09-03 13:18:16,036 [ERROR] Failed for project_id 977591898: all attempts exhausted.
2025-09-03 13:18:16,080 [ERROR] Failed for project_id 1846282764: all attempts exhausted.
2025-09-03 13:18:16,099 [ERROR] Failed for project_id 985814555: all attempts exhausted.
2025-09-03 13:18:16,110 [ERROR] Failed for project_id 1950743176: all attempts exhausted.
2025-09-03 13:18:16,128 [ERROR] Failed for project_id 449686955: all attempts exhausted.
2025-09-03 13:18:16,163 [ERROR] Failed for project_id 648551006: all attempts exhausted.
2025-09-03 13:18:16,190 [ERROR] Failed for project_id 1344777555: all attempts exhausted.
2025-09-03 13:18:16,194 [ERROR] Failed for project_id 636811834: all attempts exhausted.
2025-09-03 13:18:16,208 [ERROR] Failed for project_id 1960979393: all attempts exhausted.
2025-09-03 13:18:16,235 [ERROR] Failed for project_id 1617567823: all attempts exhausted.
2025-09-03 13:18:16,235 [ERROR] Failed for project_id 1883210253: all attempts exhausted.
2025-09-03 13:18:16,251 [ERROR] Failed for project_id 408411507: all attempts exhausted.
2025-09-03 13:18:16,341 [ERROR] Failed for project_id 1796599000: all attempts exhausted.
2025-09-03 13:18:16,342 [ERROR] Failed for project_id 576530828: all attempts exhausted.
2025-09-03 13:18:16,342 [ERROR] Failed for project_id 807787837: all attempts exhausted.
2025-09-03 13:18:16,347 [ERROR] Failed for project_id 1312296421: all attempts exhausted.
2025-09-03 13:18:16,367 [ERROR] Failed for project_id 996376110: all attempts exhausted.
2025-09-03 13:18:16,402 [ERROR] Failed for project_id 2109924228: all attempts exhausted.
2025-09-03 13:18:16,443 [ERROR] Failed for project_id 436770258: all attempts exhausted.
2025-09-03 13:18:16,469 [ERROR] Failed for project_id 1225375981: all attempts exhausted.
2025-09-03 13:18:16,477 [ERROR] Failed for project_id 394501767: all attempts exhausted.
2025-09-03 13:18:16,499 [ERROR] Failed for project_id 1039804682: all attempts exhausted.
2025-09-03 13:18:16,503 [ERROR] Failed for project_id 887853809: all attempts exhausted.
2025-09-03 13:18:16,504 [ERROR] Failed for project_id 1118340901: all attempts exhausted.
2025-09-03 13:18:16,528 [ERROR] Failed for project_id 2118177948: all attempts exhausted.
2025-09-03 13:18:16,591 [ERROR] Failed for project_id 184744038: all attempts exhausted.
2025-09-03 13:18:16,599 [ERROR] Failed for project_id 1086903038: all attempts exhausted.
2025-09-03 13:18:16,626 [ERROR] Failed for project_id 1447235556: all attempts exhausted.
2025-09-03 13:18:16,645 [ERROR] Failed for project_id 133101437: all attempts exhausted.
2025-09-03 13:18:16,646 [ERROR] Failed for project_id 944989543: all attempts exhausted.
2025-09-03 13:18:16,649 [ERROR] Failed for project_id 1500803574: all attempts exhausted.
2025-09-03 13:18:16,651 [ERROR] Failed for project_id 927591910: all attempts exhausted.
2025-09-03 13:18:16,658 [ERROR] Failed for project_id 1594890768: all attempts exhausted.
2025-09-03 13:18:16,702 [ERROR] Failed for project_id 85198096: all attempts exhausted.
2025-09-03 13:18:16,709 [ERROR] Failed for project_id 1333468550: all attempts exhausted.
2025-09-03 13:18:16,755 [ERROR] Failed for project_id 193336061: all attempts exhausted.
2025-09-03 13:18:16,759 [ERROR] Failed for project_id 1100350875: all attempts exhausted.
2025-09-03 13:18:16,763 [ERROR] Failed for project_id 1628793246: all attempts exhausted.
2025-09-03 13:18:16,783 [ERROR] Failed for project_id 165532429: all attempts exhausted.
2025-09-03 13:18:16,796 [ERROR] Failed for project_id 1507917500: all attempts exhausted.
2025-09-03 13:18:16,798 [ERROR] Failed for project_id 227463819: all attempts exhausted.
2025-09-03 13:18:16,818 [ERROR] Failed for project_id 276613900: all attempts exhausted.
2025-09-03 13:18:16,827 [ERROR] Failed for project_id 1083160030: all attempts exhausted.
2025-09-03 13:18:16,875 [ERROR] Failed for project_id 1757238580: all attempts exhausted.
2025-09-03 13:18:16,885 [ERROR] Failed for project_id 410220496: all attempts exhausted.
2025-09-03 13:18:16,902 [ERROR] Failed for project_id 1298278449: all attempts exhausted.
2025-09-03 13:18:16,929 [ERROR] Failed for project_id 1021957738: all attempts exhausted.
2025-09-03 13:18:16,935 [ERROR] Failed for project_id 1956762945: all attempts exhausted.
2025-09-03 13:18:16,958 [ERROR] Failed for project_id 177624245: all attempts exhausted.
2025-09-03 13:18:16,968 [ERROR] Failed for project_id 1340194340: all attempts exhausted.
2025-09-03 13:18:16,983 [ERROR] Failed for project_id 1541993938: all attempts exhausted.
2025-09-03 13:18:17,005 [ERROR] Failed for project_id 1894051007: all attempts exhausted.
2025-09-03 13:18:17,012 [ERROR] Failed for project_id 451962464: all attempts exhausted.
2025-09-03 13:18:17,022 [ERROR] Failed for project_id 1562571789: all attempts exhausted.
2025-09-03 13:18:17,048 [ERROR] Failed for project_id 69479067: all attempts exhausted.
2025-09-03 13:18:17,070 [ERROR] Failed for project_id 864985869: all attempts exhausted.
2025-09-03 13:18:17,108 [ERROR] Failed for project_id 322982906: all attempts exhausted.
2025-09-03 13:18:17,131 [ERROR] Failed for project_id 1617335399: all attempts exhausted.
2025-09-03 13:18:17,158 [ERROR] Failed for project_id 459114057: all attempts exhausted.
2025-09-03 13:18:17,171 [ERROR] Failed for project_id 46221524: all attempts exhausted.
2025-09-03 13:18:17,171 [ERROR] Failed for project_id 1931498110: all attempts exhausted.
2025-09-03 13:18:17,187 [ERROR] Failed for project_id 538940022: all attempts exhausted.
2025-09-03 13:18:17,215 [ERROR] Failed for project_id 379066105: all attempts exhausted.
2025-09-03 13:18:17,216 [ERROR] Failed for project_id 1862600621: all attempts exhausted.
2025-09-03 13:18:17,219 [ERROR] Failed for project_id 1267453555: all attempts exhausted.
2025-09-03 13:18:17,261 [ERROR] Failed for project_id 457815626: all attempts exhausted.
2025-09-03 13:18:17,285 [ERROR] Failed for project_id 246977712: all attempts exhausted.
2025-09-03 13:18:17,329 [ERROR] Failed for project_id 1280713356: all attempts exhausted.
2025-09-03 13:18:17,342 [ERROR] Failed for project_id 1674577089: all attempts exhausted.
2025-09-03 13:18:17,353 [ERROR] Failed for project_id 563218063: all attempts exhausted.
2025-09-03 13:18:17,359 [ERROR] Failed for project_id 208593159: all attempts exhausted.
2025-09-03 13:18:17,367 [ERROR] Failed for project_id 1987212062: all attempts exhausted.
2025-09-03 13:18:17,385 [ERROR] Failed for project_id 742207921: all attempts exhausted.
2025-09-03 13:18:17,412 [ERROR] Failed for project_id 1840581891: all attempts exhausted.
2025-09-03 13:18:17,448 [ERROR] Failed for project_id 1235936556: all attempts exhausted.
2025-09-03 13:18:17,458 [ERROR] Failed for project_id 614629343: all attempts exhausted.
2025-09-03 13:18:17,474 [ERROR] Failed for project_id 1338547381: all attempts exhausted.
2025-09-03 13:18:17,502 [ERROR] Failed for project_id 183328368: all attempts exhausted.
2025-09-03 13:18:17,508 [ERROR] Failed for project_id 239925005: all attempts exhausted.
2025-09-03 13:18:17,524 [ERROR] Failed for project_id 645854552: all attempts exhausted.
2025-09-03 13:18:17,568 [ERROR] Failed for project_id 2086935398: all attempts exhausted.
2025-09-03 13:18:17,584 [ERROR] Failed for project_id 930633391: all attempts exhausted.
2025-09-03 13:18:17,585 [ERROR] Failed for project_id 820285703: all attempts exhausted.
2025-09-03 13:18:17,615 [ERROR] Failed for project_id 552534128: all attempts exhausted.
2025-09-03 13:18:17,640 [ERROR] Failed for project_id 1414595808: all attempts exhausted.
2025-09-03 13:18:17,674 [ERROR] Failed for project_id 473281584: all attempts exhausted.
2025-09-03 13:18:17,687 [ERROR] Failed for project_id 1747992829: all attempts exhausted.
2025-09-03 13:18:17,701 [ERROR] Failed for project_id 1490367859: all attempts exhausted.
2025-09-03 13:18:17,704 [ERROR] Failed for project_id 487969870: all attempts exhausted.
2025-09-03 13:18:17,728 [ERROR] Failed for project_id 1283115888: all attempts exhausted.
2025-09-03 13:18:17,749 [ERROR] Failed for project_id 869852988: all attempts exhausted.
2025-09-03 13:18:17,761 [ERROR] Failed for project_id 1529141622: all attempts exhausted.
2025-09-03 13:18:17,772 [ERROR] Failed for project_id 1276398829: all attempts exhausted.
2025-09-03 13:18:17,805 [ERROR] Failed for project_id 890623473: all attempts exhausted.
2025-09-03 13:18:17,805 [ERROR] Failed for project_id 1034701613: all attempts exhausted.
2025-09-03 13:18:17,816 [ERROR] Failed for project_id 430991387: all attempts exhausted.
2025-09-03 13:18:17,878 [ERROR] Failed for project_id 911590173: all attempts exhausted.
2025-09-03 13:18:17,880 [ERROR] Failed for project_id 2102023275: all attempts exhausted.
2025-09-03 13:18:17,906 [ERROR] Failed for project_id 993884358: all attempts exhausted.
2025-09-03 13:18:17,909 [ERROR] Failed for project_id 1228150799: all attempts exhausted.
2025-09-03 13:18:17,919 [ERROR] Failed for project_id 1305781395: all attempts exhausted.
2025-09-03 13:18:17,951 [ERROR] Failed for project_id 2113394462: all attempts exhausted.
2025-09-03 13:18:17,998 [ERROR] Failed for project_id 19733179: all attempts exhausted.
2025-09-03 13:18:18,033 [ERROR] Failed for project_id 2086897866: all attempts exhausted.
2025-09-03 13:18:18,040 [ERROR] Failed for project_id 1919891446: all attempts exhausted.
2025-09-03 13:18:18,062 [ERROR] Failed for project_id 892523604: all attempts exhausted.
2025-09-03 13:18:18,064 [ERROR] Failed for project_id 522031007: all attempts exhausted.
2025-09-03 13:18:18,109 [ERROR] Failed for project_id 605292642: all attempts exhausted.
2025-09-03 13:18:18,124 [ERROR] Failed for project_id 180364185: all attempts exhausted.
2025-09-03 13:18:18,143 [ERROR] Failed for project_id 1019306733: all attempts exhausted.
2025-09-03 13:18:18,144 [ERROR] Failed for project_id 1857557577: all attempts exhausted.
2025-09-03 13:18:18,159 [ERROR] Failed for project_id 8264368: all attempts exhausted.
2025-09-03 13:18:18,179 [ERROR] Failed for project_id 1270162513: all attempts exhausted.
2025-09-03 13:18:18,234 [ERROR] Failed for project_id 921496462: all attempts exhausted.
2025-09-03 13:18:18,238 [ERROR] Failed for project_id 2111596323: all attempts exhausted.
2025-09-03 13:18:18,250 [ERROR] Failed for project_id 81734579: all attempts exhausted.
2025-09-03 13:18:18,276 [ERROR] Failed for project_id 710613929: all attempts exhausted.
2025-09-03 13:18:18,286 [ERROR] Failed for project_id 1100265975: all attempts exhausted.
2025-09-03 13:18:18,332 [ERROR] Failed for project_id 920908558: all attempts exhausted.
